Register
Login
Logout
HeartBeat
AddGold
CostGold
AddItem
CostItem
StartBattle
FinishBattle
GuideStep
March
TreasureShop
TreasureGet
CostTreasure
TreasureUpgrade
TreasureStar
DrumRising
trooptacticsDecompose
trooptacticsGet
trooptacticsLevel
trooptacticsShop
trooptacticsUpgrade
AddVipScore
BattleResult
BagInfo
ActivityRunLottery
UpgradeHero
UpgradeStar
AddTreasure
UpgradeRare
EquipLevelUp
EquipStarUp
ReelUnlock
TalentUpgrade
supershop
ChallengeChallenge
EATaskComplate
InstanceBattle
FlagRisingstar
FlagAwake
RecruitCard
Chat
QuickInstance
GetInstanceReward
DailyTaskReward
UnlockSoldier
EquipSoldier
IntensifySoldier
HeroTask
ReceiveHegemony
SecurityValueObtained
GodShop
GodDecompose
GetTitle
RankingChange
SeasonSettlement
BoardSettlement
ReceiveTargetRew
GetChest
ChestHurdles
leaveClanWar
ClanWarKill
DonateBuilding
ClanWarDistributionReward
ExploitChange
DonateHero
TransportFood
ReceiveFood
TransportSoldier
ReceiveSoldier
GetTalent
DonateTalent
FamilyShop
StationPurchase
StationDispatch
StationReceive
StationlevelUpgrade
FlagUpgrade
FlagHangupReceive
PvpTrusteeShip
equipcarvingupgrade
Jigsaw
Jigsawbox
PlayerReturn
clickclanachievement
voucher
buySupplies
AddExp
AddScore
ExclusivePackageChoice
PlayerLevelUp
ProfessionLevelUp
UpgradeGenius
HeroListSet
Pay
BattleEnd
EquipRecruit
TaskStart
TaskComplete
BuyCustompackage
CompleteGovernmentTasks
GovernmentExchange
GodGet
ChestReward
MeditationReward
FlagExperience
EquipFlag
ActivityApply
BuyPremiumpass
BuyLevel
PassUpgrade
OneclickReward
equipcarvingskill
clansciencedonate
surprisepackageDayReset
UserDevInfo
PoliticsUpgrade
ResChange
SendingCommanders
clansciencerankingreward
equipcarvingmaterial
OrganizeTeam
Interface
KingCityTitle
AppointmentTitle
ClanApply
RegainStrength
PassiveAttackWithdrawal
ClanWarMVP
ClanWarRankingReward
ClanMatchResult
CityOwnershipChange
SeasonDistributionReward
BorrowHero
RequestFood
RequestSoldier
clanBlitzkriegVictory
SkillActivation
MeditationBegin
clangrade
RedSend
RobberyFood
ActivityRanking
SpringGetPos
RankNewbieUserlevel
RankNewbieKills
RankNewbiePowerRegister
Login
Logout
HeartBeat
AddGold
CostGold
AddItem
CostItem
StartBattle
FinishBattle
GuideStep
March
TreasureShop
TreasureGet
CostTreasure
TreasureUpgrade
TreasureStar
DrumRising
trooptacticsDecompose
trooptacticsGet
trooptacticsLevel
trooptacticsShop
trooptacticsUpgrade
AddVipScore
BattleResult
BagInfo
ActivityRunLottery
UpgradeHero
UpgradeStar
AddTreasure
UpgradeRare
EquipLevelUp
EquipStarUp
ReelUnlock
TalentUpgrade
supershop
ChallengeChallenge
EATaskComplate
InstanceBattle
FlagRisingstar
FlagAwake
RecruitCard
Chat
QuickInstance
GetInstanceReward
DailyTaskReward
UnlockSoldier
EquipSoldier
IntensifySoldier
HeroTask
ReceiveHegemony
SecurityValueObtained
GodShop
GodDecompose
GetTitle
RankingChange
SeasonSettlement
BoardSettlement
ReceiveTargetRew
GetChest
ChestHurdles
leaveClanWar
ClanWarKill
DonateBuilding
ClanWarDistributionReward
ExploitChange
DonateHero
TransportFood
ReceiveFood
TransportSoldier
ReceiveSoldier
GetTalent
DonateTalent
FamilyShop
StationPurchase
StationDispatch
StationReceive
StationlevelUpgrade
FlagUpgrade
FlagHangupReceive
PvpTrusteeShip
equipcarvingupgrade
Jigsaw
Jigsawbox
PlayerReturn
clickclanachievement
voucher
buySupplies
AddExp
AddScore
ExclusivePackageChoice
PlayerLevelUp
ProfessionLevelUp
UpgradeGenius
HeroListSet
Pay
BattleEnd
EquipRecruit
TaskStart
TaskComplete
BuyCustompackage
CompleteGovernmentTasks
GovernmentExchange
GodGet
ChestReward
MeditationReward
FlagExperience
EquipFlag
ActivityApply
BuyPremiumpass
BuyLevel
PassUpgrade
OneclickReward
equipcarvingskill
clansciencedonate
surprisepackageDayReset
UserDevInfo
PoliticsUpgrade
ResChange
SendingCommanders
clansciencerankingreward
equipcarvingmaterial
OrganizeTeam
Interface
KingCityTitle
AppointmentTitle
ClanApply
RegainStrength
PassiveAttackWithdrawal
ClanWarMVP
ClanWarRankingReward
ClanMatchResult
CityOwnershipChange
SeasonDistributionReward
BorrowHero
RequestFood
RequestSoldier
clanBlitzkriegVictory
SkillActivation
MeditationBegin
clangrade
RedSend
RobberyFood
ActivityRanking
SpringGetPos
RankNewbieUserlevel
RankNewbieKills
RankNewbiePower
KingCityTitle
AppointmentTitle
ClanApply
RegainStrength
PassiveAttackWithdrawal
ClanWarMVP
ClanWarRankingReward
ClanMatchResult
CityOwnershipChange
SeasonDistributionReward
BorrowHero
RequestFood
RequestSoldier
clanBlitzkriegVictory
SkillActivation
MeditationBegin
clangrade
RedSend
RobberyFood
ActivityRanking
SpringGetPos
RankNewbieUserlevel
RankNewbieKills
RankNewbiePowerRegister
Login
Logout
HeartBeat
AddGold
CostGold
AddItem
CostItem
StartBattle
FinishBattle
GuideStep
March
TreasureShop
TreasureGet
CostTreasure
TreasureUpgrade
TreasureStar
DrumRising
trooptacticsDecompose
trooptacticsGet
trooptacticsLevel
trooptacticsShop
trooptacticsUpgrade
AddVipScore
BattleResult
BagInfo
ActivityRunLottery
UpgradeHero
UpgradeStar
AddTreasure
UpgradeRare
EquipLevelUp
EquipStarUp
ReelUnlock
TalentUpgrade
supershop
ChallengeChallenge
EATaskComplate
InstanceBattle
FlagRisingstar
FlagAwake
RecruitCard
Chat
QuickInstance
GetInstanceReward
DailyTaskReward
UnlockSoldier
EquipSoldier
IntensifySoldier
HeroTask
ReceiveHegemony
SecurityValueObtained
GodShop
GodDecompose
GetTitle
RankingChange
SeasonSettlement
BoardSettlement
ReceiveTargetRew
GetChest
ChestHurdles
leaveClanWar
ClanWarKill
DonateBuilding
ClanWarDistributionReward
ExploitChange
DonateHero
TransportFood
ReceiveFood
TransportSoldier
ReceiveSoldier
GetTalent
DonateTalent
FamilyShop
StationPurchase
StationDispatch
StationReceive
StationlevelUpgrade
FlagUpgrade
FlagHangupReceive
PvpTrusteeShip
equipcarvingupgrade
Jigsaw
Jigsawbox
PlayerReturn
clickclanachievement
voucher
buySupplies
AddExp
AddScore
ExclusivePackageChoice
PlayerLevelUp
ProfessionLevelUp
UpgradeGenius
HeroListSet
Pay
BattleEnd
EquipRecruit
TaskStart
TaskComplete
BuyCustompackage
CompleteGovernmentTasks
GovernmentExchange
GodGet
ChestReward
MeditationReward
FlagExperience
EquipFlag
ActivityApply
BuyPremiumpass
BuyLevel
PassUpgrade
OneclickReward
equipcarvingskill
clansciencedonate
surprisepackageDayReset
UserDevInfo
PoliticsUpgrade
ResChange
SendingCommanders
clansciencerankingreward
equipcarvingmaterial
OrganizeTeam
Interface
KingCityTitle
AppointmentTitle
ClanApply
RegainStrength
PassiveAttackWithdrawal
ClanWarMVP
ClanWarRankingReward
ClanMatchResult
CityOwnershipChange
SeasonDistributionReward
BorrowHero
RequestFood
RequestSoldier
clanBlitzkriegVictory
SkillActivation
MeditationBegin
clangrade
RedSend
RobberyFood
ActivityRanking
SpringGetPos
RankNewbieUserlevel
RankNewbieKills
RankNewbiePower
KingCityTitle
AppointmentTitle
ClanApply
RegainStrength
PassiveAttackWithdrawal
ClanWarMVP
ClanWarRankingReward
ClanMatchResult
CityOwnershipChange
SeasonDistributionReward
BorrowHero
RequestFood
RequestSoldier
clanBlitzkriegVictory
SkillActivation
MeditationBegin
clangrade
RedSend
RobberyFood
ActivityRanking
SpringGetPos
RankNewbieUserlevel
RankNewbieKills
RankNewbiePowerRegister
Login
Logout
HeartBeat
AddGold
CostGold
AddItem
CostItem
StartBattle
FinishBattle
GuideStep
March
TreasureShop
TreasureGet
CostTreasure
TreasureUpgrade
TreasureStar
DrumRising
trooptacticsDecompose
trooptacticsGet
trooptacticsLevel
trooptacticsShop
trooptacticsUpgrade
AddVipScore
BattleResult
BagInfo
ActivityRunLottery
UpgradeHero
UpgradeStar
AddTreasure
UpgradeRare
EquipLevelUp
EquipStarUp
ReelUnlock
TalentUpgrade
supershop
ChallengeChallenge
EATaskComplate
InstanceBattle
FlagRisingstar
FlagAwake
RecruitCard
Chat
QuickInstance
GetInstanceReward
DailyTaskReward
UnlockSoldier
EquipSoldier
IntensifySoldier
HeroTask
ReceiveHegemony
SecurityValueObtained
GodShop
GodDecompose
GetTitle
RankingChange
SeasonSettlement
BoardSettlement
ReceiveTargetRew
GetChest
ChestHurdles
leaveClanWar
ClanWarKill
DonateBuilding
ClanWarDistributionReward
ExploitChange
DonateHero
TransportFood
ReceiveFood
TransportSoldier
ReceiveSoldier
GetTalent
DonateTalent
FamilyShop
StationPurchase
StationDispatch
StationReceive
StationlevelUpgrade
FlagUpgrade
FlagHangupReceive
PvpTrusteeShip
equipcarvingupgrade
Jigsaw
Jigsawbox
PlayerReturn
clickclanachievement
voucher
buySupplies
AddExp
AddScore
ExclusivePackageChoice
PlayerLevelUp
ProfessionLevelUp
UpgradeGenius
HeroListSet
Pay
BattleEnd
EquipRecruit
TaskStart
TaskComplete
BuyCustompackage
CompleteGovernmentTasks
GovernmentExchange
GodGet
ChestReward
MeditationReward
FlagExperience
EquipFlag
ActivityApply
BuyPremiumpass
BuyLevel
PassUpgrade
OneclickReward
equipcarvingskill
clansciencedonate
surprisepackageDayReset
UserDevInfo
PoliticsUpgrade
ResChange
SendingCommanders
clansciencerankingreward
equipcarvingmaterial
OrganizeTeam
Interface
KingCityTitle
AppointmentTitle
ClanApply
RegainStrength
PassiveAttackWithdrawal
ClanWarMVP
ClanWarRankingReward
ClanMatchResult
CityOwnershipChange
SeasonDistributionReward
BorrowHero
RequestFood
RequestSoldier
clanBlitzkriegVictory
SkillActivation
MeditationBegin
clangrade
RedSend
RobberyFood
ActivityRanking
SpringGetPos
RankNewbieUserlevel
RankNewbieKills
RankNewbiePower
KingCityTitle
AppointmentTitle
ClanApply
RegainStrength
PassiveAttackWithdrawal
ClanWarMVP
ClanWarRankingReward
ClanMatchResult
CityOwnershipChange
SeasonDistributionReward
BorrowHero
RequestFood
RequestSoldier
clanBlitzkriegVictory
SkillActivation
MeditationBegin
clangrade
RedSend
RobberyFood
ActivityRanking
SpringGetPos
RankNewbieUserlevel
RankNewbieKills
RankNewbiePower