{"orderid":"120","level":15,"openid":"gold_307","origin":"JPY","payway":"eb39161bd3d494a891117b4ff0c521e8","evetn_name":"GPA.3320-9448-9274-75118","role_id":"10101","devicecode":"0","event_name":"Payment","payment_itemid":"1","currency":"1180000","time":"","vip_level":0,"zone_offset":9,"billno":"13305809120818","account":"78800","rawmoney":0}
{"role_id":"10101","zone_offset":9,"#type":"user_set_once","properties":{"first_pay_time":""}}
{"role_id":"10101","zone_offset":9,"#type":"user_set","properties":{"pay_currency":"1180000"}}
{"role_id":"10101","zone_offset":9,"#type":"user_add","properties":{}}
{"orderid":"120","level":11,"openid":"gold_26002","origin":"JPY","payway":"E7EBFD3B-2734-4102-BCD6-12BA22A14BA6","evetn_name":"710001464395792","role_id":"10102","devicecode":"0","event_name":"Payment","payment_itemid":"1","currency":"65000","time":"","vip_level":0,"zone_offset":9,"billno":"13700945821593","account":"3800","rawmoney":0}
{"role_id":"10102","zone_offset":9,"#type":"user_set_once","properties":{"first_pay_time":""}}
{"role_id":"10102","zone_offset":9,"#type":"user_set","properties":{"pay_currency":"65000"}}
{"role_id":"10102","zone_offset":9,"#type":"user_add","properties":{}}
{"orderid":"101","level":11,"openid":"gold_225","origin":"JPY","payway":"46BF0CCB-91E0-4ED2-853D-EF90664A34DA","evetn_name":"420001679264709","role_id":"10102","devicecode":"0","event_name":"Payment","payment_itemid":"1","currency":"120000","time":"","vip_level":0,"zone_offset":9,"billno":"13572097322638","account":"7800","rawmoney":0}
{"role_id":"10102","zone_offset":9,"#type":"user_set_once","properties":{"first_pay_time":""}}
{"role_id":"10102","zone_offset":9,"#type":"user_set","properties":{"pay_currency":"120000"}}
{"role_id":"10102","zone_offset":9,"#type":"user_add","properties":{}}
{"orderid":"120","level":15,"openid":"gold_307","origin":"JPY","payway":"eb39161bd3d494a891117b4ff0c521e8","evetn_name":"GPA.3320-9448-9274-75118","role_id":"10101","devicecode":"0","event_name":"Payment","payment_itemid":"1","currency":"1180000","time":"","vip_level":0,"zone_offset":9,"billno":"13305809120818","account":"78800","rawmoney":0}
{"role_id":"10101","zone_offset":9,"#type":"user_set_once","properties":{"first_pay_time":""}}
{"role_id":"10101","zone_offset":9,"#type":"user_set","properties":{"pay_currency":"1180000"}}
{"role_id":"10101","zone_offset":9,"#type":"user_add","properties":{}}
{"orderid":"120","level":11,"openid":"gold_26002","origin":"JPY","payway":"E7EBFD3B-2734-4102-BCD6-12BA22A14BA6","evetn_name":"710001464395792","role_id":"10102","devicecode":"0","event_name":"Payment","payment_itemid":"1","currency":"65000","time":"","vip_level":0,"zone_offset":9,"billno":"13700945821593","account":"3800","rawmoney":0}
{"role_id":"10102","zone_offset":9,"#type":"user_set_once","properties":{"first_pay_time":""}}
{"role_id":"10102","zone_offset":9,"#type":"user_set","properties":{"pay_currency":"65000"}}
{"role_id":"10102","zone_offset":9,"#type":"user_add","properties":{}}
{"orderid":"101","level":11,"openid":"gold_225","origin":"JPY","payway":"46BF0CCB-91E0-4ED2-853D-EF90664A34DA","evetn_name":"420001679264709","role_id":"10102","devicecode":"0","event_name":"Payment","payment_itemid":"1","currency":"120000","time":"","vip_level":0,"zone_offset":9,"billno":"13572097322638","account":"7800","rawmoney":0}
{"role_id":"10102","zone_offset":9,"#type":"user_set_once","properties":{"first_pay_time":""}}
{"role_id":"10102","zone_offset":9,"#type":"user_set","properties":{"pay_currency":"120000"}}
{"role_id":"10102","zone_offset":9,"#type":"user_add","properties":{}}
{"orderid":"120","level":15,"openid":"gold_307","origin":"JPY","payway":"eb39161bd3d494a891117b4ff0c521e8","evetn_name":"GPA.3320-9448-9274-75118","role_id":"10101","devicecode":"0","event_name":"Payment","payment_itemid":"1","currency":"1180000","time":"","vip_level":0,"zone_offset":9,"billno":"13305809120818","account":"78800","rawmoney":0}
{"role_id":"10101","zone_offset":9,"#type":"user_set_once","properties":{"first_pay_time":""}}
{"role_id":"10101","zone_offset":9,"#type":"user_set","properties":{"pay_currency":"1180000"}}
{"role_id":"10101","zone_offset":9,"#type":"user_add","properties":{}}
{"orderid":"120","level":11,"openid":"gold_26002","origin":"JPY","payway":"E7EBFD3B-2734-4102-BCD6-12BA22A14BA6","evetn_name":"710001464395792","role_id":"10102","devicecode":"0","event_name":"Payment","payment_itemid":"1","currency":"65000","time":"","vip_level":0,"zone_offset":9,"billno":"13700945821593","account":"3800","rawmoney":0}
{"role_id":"10102","zone_offset":9,"#type":"user_set_once","properties":{"first_pay_time":""}}
{"role_id":"10102","zone_offset":9,"#type":"user_set","properties":{"pay_currency":"65000"}}
{"role_id":"10102","zone_offset":9,"#type":"user_add","properties":{}}
{"orderid":"101","level":11,"openid":"gold_225","origin":"JPY","payway":"46BF0CCB-91E0-4ED2-853D-EF90664A34DA","evetn_name":"420001679264709","role_id":"10102","devicecode":"0","event_name":"Payment","payment_itemid":"1","currency":"120000","time":"","vip_level":0,"zone_offset":9,"billno":"13572097322638","account":"7800","rawmoney":0}
{"role_id":"10102","zone_offset":9,"#type":"user_set_once","properties":{"first_pay_time":""}}
{"role_id":"10102","zone_offset":9,"#type":"user_set","properties":{"pay_currency":"120000"}}
{"role_id":"10102","zone_offset":9,"#type":"user_add","properties":{}}
